[ 2024-12-29 12:39:29,156 ] 40 root - INFO - Start data Ingestion
[ 2024-12-29 12:39:37,641 ] 96 pymongo.serverSelection - INFO - {"message": "Waiting for suitable server to become available", "selector": "Primary()", "operation": "find", "topologyDescription": "<TopologyDescription id: 6770f5b19d560a776d318b1e, topology_type: ReplicaSetNoPrimary, servers: [<ServerDescription ('cluster0-shard-00-00.pcljl.mongodb.net', 27017) server_type: Unknown, rtt: None>, <ServerDescription ('cluster0-shard-00-01.pcljl.mongodb.net', 27017) server_type: Unknown, rtt: None>, <ServerDescription ('cluster0-shard-00-02.pcljl.mongodb.net', 27017) server_type: Unknown, rtt: None>]>", "clientId": {"$oid": "6770f5b19d560a776d318b1e"}, "remainingTimeMS": 30}
[ 2024-12-29 12:39:48,317 ] 66 root - INFO - Performed train test split on the dataframe
[ 2024-12-29 12:39:48,317 ] 68 root - INFO - Exited split_data_as_train_test method of Data_Ingestion class
[ 2024-12-29 12:39:48,318 ] 76 root - INFO - Exporting train and test file path.
[ 2024-12-29 12:39:48,543 ] 85 root - INFO - Exported train and test file path.
[ 2024-12-29 12:39:48,545 ] 43 root - INFO - Data Ingestion completed and artifact: DataIngestionArtifact(trained_file_path='Artifacts\\12_29_2024_12_35_57\\data_ingestion\\ingested\\train.csv', test_file_path='Artifacts\\12_29_2024_12_35_57\\data_ingestion\\ingested\\test.csv')
[ 2024-12-29 12:39:48,577 ] 53 root - INFO - Initiate the data Validation
[ 2024-12-29 12:39:48,722 ] 32 root - INFO - Required number of columns is 2
[ 2024-12-29 12:39:48,722 ] 33 root - INFO - Dataframe has columns:31
[ 2024-12-29 12:39:48,722 ] 32 root - INFO - Required number of columns is 2
[ 2024-12-29 12:39:48,722 ] 33 root - INFO - Dataframe has columns:31
[ 2024-12-29 12:40:04,945 ] 40 root - INFO - Start data Ingestion
[ 2024-12-29 12:40:13,264 ] 96 pymongo.serverSelection - INFO - {"message": "Waiting for suitable server to become available", "selector": "Primary()", "operation": "find", "topologyDescription": "<TopologyDescription id: 6770f5d59d560a776d318b1f, topology_type: ReplicaSetNoPrimary, servers: [<ServerDescription ('cluster0-shard-00-00.pcljl.mongodb.net', 27017) server_type: Unknown, rtt: None>, <ServerDescription ('cluster0-shard-00-01.pcljl.mongodb.net', 27017) server_type: Unknown, rtt: None>, <ServerDescription ('cluster0-shard-00-02.pcljl.mongodb.net', 27017) server_type: Unknown, rtt: None>]>", "clientId": {"$oid": "6770f5d59d560a776d318b1f"}, "remainingTimeMS": 30}
[ 2024-12-29 12:40:24,598 ] 66 root - INFO - Performed train test split on the dataframe
[ 2024-12-29 12:40:24,598 ] 68 root - INFO - Exited split_data_as_train_test method of Data_Ingestion class
[ 2024-12-29 12:40:24,598 ] 76 root - INFO - Exporting train and test file path.
[ 2024-12-29 12:40:24,815 ] 85 root - INFO - Exported train and test file path.
[ 2024-12-29 12:40:24,815 ] 43 root - INFO - Data Ingestion completed and artifact: DataIngestionArtifact(trained_file_path='Artifacts\\12_29_2024_12_35_57\\data_ingestion\\ingested\\train.csv', test_file_path='Artifacts\\12_29_2024_12_35_57\\data_ingestion\\ingested\\test.csv')
[ 2024-12-29 12:40:24,825 ] 53 root - INFO - Initiate the data Validation
[ 2024-12-29 12:40:24,935 ] 32 root - INFO - Required number of columns is 2
[ 2024-12-29 12:40:24,935 ] 33 root - INFO - Dataframe has columns:31
[ 2024-12-29 12:40:24,935 ] 32 root - INFO - Required number of columns is 2
[ 2024-12-29 12:40:24,935 ] 33 root - INFO - Dataframe has columns:31
